0 info it worked if it ends with ok
1 verbose cli [ 'D:\\Program Files\\nodejs\\node.exe',
1 verbose cli   'C:\\Users\\Stefan\\AppData\\Roaming\\npm\\node_modules\\npm\\bin\\npm-cli.js',
1 verbose cli   'run',
1 verbose cli   'dev' ]
2 info using npm@4.1.1
3 info using node@v6.9.4
4 verbose run-script [ 'predev', 'dev', 'postdev' ]
5 info lifecycle app@1.0.0~predev: app@1.0.0
6 silly lifecycle app@1.0.0~predev: no script for predev, continuing
7 info lifecycle app@1.0.0~dev: app@1.0.0
8 verbose lifecycle app@1.0.0~dev: unsafe-perm in lifecycle true
9 verbose lifecycle app@1.0.0~dev: PATH: C:\Users\Stefan\AppData\Roaming\npm\node_modules\npm\bin\node-gyp-bin;D:\Projects\Skynet\node_modules\.bin;D:\Program Files\R\Rtools\bin;D:\Program Files\R\Rtools\mingw_32\bin;C:\ProgramData\Oracle\Java\javapath;C:\Program Files (x86)\Intel\iCLS Client\;C:\Program Files\Intel\iCLS Client\;C:\Windows\system32;C:\Windows;C:\Windows\System32\Wbem;C:\Windows\System32\WindowsPowerShell\v1.0\;C:\Program Files\Intel\Intel(R) Management Engine Components\DAL;C:\Program Files\Intel\Intel(R) Management Engine Components\IPT;C:\Program Files (x86)\Intel\Intel(R) Management Engine Components\DAL;C:\Program Files (x86)\Intel\Intel(R) Management Engine Components\IPT;C:\Program Files (x86)\NVIDIA Corporation\PhysX\Common;C:\WINDOWS\system32;C:\WINDOWS;C:\WINDOWS\System32\Wbem;C:\WINDOWS\System32\WindowsPowerShell\v1.0\;C:\ProgramData\ComposerSetup\bin;C:\Apache24\PHP;C:\Program Files\MySQL\MySQL Server 5.7\bin;D:\Program Files (x86)\NVIDIA Corporation\PhysX\Common;C:\Users\Stefan\.dnx\bin;C:\Program Files\Microsoft DNX\Dnvm\;C:\Program Files\Microsoft SQL Server\130\Tools\Binn\;D:\Program Files (x86)\Windows Kits\10\Windows Performance Toolkit\;D:\Program Files\Git\cmd;D:\Program Files\nodejs\;C:\Users\Stefan\AppData\Local\Microsoft\WindowsApps;C:\Users\Stefan\AppData\Roaming\Composer\vendor\bin;C:\Users\Stefan\AppData\Roaming\npm;D:\Program Files (x86)\Microsoft VS Code\bin;D:\Program Files\Git\bin
10 verbose lifecycle app@1.0.0~dev: CWD: D:\Projects\Skynet
11 silly lifecycle app@1.0.0~dev: Args: [ '/d /s /c',
11 silly lifecycle   'concurrently --kill-others "npm run watch" "npm run watchify" "npm run start"' ]
12 silly lifecycle app@1.0.0~dev: Returned: code: 1  signal: null
13 info lifecycle app@1.0.0~dev: Failed to exec dev script
14 verbose stack Error: app@1.0.0 dev: `concurrently --kill-others "npm run watch" "npm run watchify" "npm run start"`
14 verbose stack Exit status 1
14 verbose stack     at EventEmitter.<anonymous> (C:\Users\Stefan\AppData\Roaming\npm\node_modules\npm\lib\utils\lifecycle.js:279:16)
14 verbose stack     at emitTwo (events.js:106:13)
14 verbose stack     at EventEmitter.emit (events.js:191:7)
14 verbose stack     at ChildProcess.<anonymous> (C:\Users\Stefan\AppData\Roaming\npm\node_modules\npm\lib\utils\spawn.js:40:14)
14 verbose stack     at emitTwo (events.js:106:13)
14 verbose stack     at ChildProcess.emit (events.js:191:7)
14 verbose stack     at maybeClose (internal/child_process.js:877:16)
14 verbose stack     at Process.ChildProcess._handle.onexit (internal/child_process.js:226:5)
15 verbose pkgid app@1.0.0
16 verbose cwd D:\Projects\Skynet
17 error Windows_NT 10.0.14393
18 error argv "D:\\Program Files\\nodejs\\node.exe" "C:\\Users\\Stefan\\AppData\\Roaming\\npm\\node_modules\\npm\\bin\\npm-cli.js" "run" "dev"
19 error node v6.9.4
20 error npm  v4.1.1
21 error code ELIFECYCLE
22 error app@1.0.0 dev: `concurrently --kill-others "npm run watch" "npm run watchify" "npm run start"`
22 error Exit status 1
23 error Failed at the app@1.0.0 dev script 'concurrently --kill-others "npm run watch" "npm run watchify" "npm run start"'.
23 error Make sure you have the latest version of node.js and npm installed.
23 error If you do, this is most likely a problem with the app package,
23 error not with npm itself.
23 error Tell the author that this fails on your system:
23 error     concurrently --kill-others "npm run watch" "npm run watchify" "npm run start"
23 error You can get information on how to open an issue for this project with:
23 error     npm bugs app
23 error Or if that isn't available, you can get their info via:
23 error     npm owner ls app
23 error There is likely additional logging output above.
24 verbose exit [ 1, true ]
